<?xml version="1.0" encoding="UTF-8"?>
<!-- Generated by org.testng.reporters.JUnitReportReporter -->
<testsuite hostname="HpPoonam" failures="0" tests="1" name="com.OrangeHRM.Testcases.Testcase_001" time="2.306" errors="0" timestamp="15 Jun 2024 04:46:15 GMT" skipped="0">
  <testcase classname="com.OrangeHRM.Testcases.Testcase_001" name="checkLogin" time="2.306"/>
</testsuite> <!-- com.OrangeHRM.Testcases.Testcase_001 -->
