<?xml version="1.0" encoding="UTF-8"?>
<!-- Generated by org.testng.reporters.JUnitReportReporter -->
<testsuite hostname="HpPoonam" failures="0" tests="2" name="com.OrangeHRM.Testcases.Testcase_001" time="3.785" errors="0" timestamp="25 Jun 2024 15:48:02 GMT" skipped="0">
  <testcase classname="com.OrangeHRM.Testcases.Testcase_001" name="addEmployee" time="3.693"/>
  <testcase classname="com.OrangeHRM.Testcases.Testcase_001" name="assertTitle" time="0.092"/>
</testsuite> <!-- com.OrangeHRM.Testcases.Testcase_001 -->
