<?xml version="1.0" encoding="UTF-8"?>
<!-- Generated by org.testng.reporters.JUnitReportReporter -->
<testsuite hostname="HpPoonam" failures="0" tests="1" name="com.OrangeHRM.Testcases.Testcase_001" time="2.240" errors="0" timestamp="11 Jun 2024 15:37:44 GMT">
  <testcase classname="com.OrangeHRM.Testcases.Testcase_001" name="checkLogin" time="2.240"/>
</testsuite> <!-- com.OrangeHRM.Testcases.Testcase_001 -->
